0it [00:00, ?it/s]
8544it [00:01, 5503.94it/s]

0it [00:00, ?it/s]
1101it [00:00, 6437.76it/s]

0it [00:00, ?it/s]
9645it [00:00, 247250.04it/s]

  0%|          | 0/134 [00:00<?, ?it/s]
accuracy: 0.3351, precision: 0.2414, recall: 0.0304, f1_measure: 0.0541, loss: 1.5279 ||:  22%|##1       | 29/134 [00:10<00:37,  2.82it/s]
accuracy: 0.3673, precision: 0.2667, recall: 0.0152, f1_measure: 0.0287, loss: 1.4604 ||:  49%|####8     | 65/134 [00:20<00:22,  3.01it/s]
accuracy: 0.3766, precision: 0.3065, recall: 0.0230, f1_measure: 0.0428, loss: 1.4249 ||:  75%|#######5  | 101/134 [00:31<00:10,  3.11it/s]
accuracy: 0.3928, precision: 0.3832, recall: 0.0375, f1_measure: 0.0684, loss: 1.3953 ||: 100%|##########| 134/134 [00:40<00:00,  3.34it/s]

  0%|          | 0/18 [00:00<?, ?it/s]
accuracy: 0.4478, precision: 0.5789, recall: 0.1583, f1_measure: 0.2486, loss: 1.2751 ||: 100%|##########| 18/18 [00:04<00:00,  3.96it/s]

  0%|          | 0/134 [00:00<?, ?it/s]
accuracy: 0.4848, precision: 0.5258, recall: 0.3344, f1_measure: 0.4088, loss: 1.2284 ||:  26%|##6       | 35/134 [00:10<00:29,  3.32it/s]
accuracy: 0.4901, precision: 0.5252, recall: 0.2850, f1_measure: 0.3695, loss: 1.2109 ||:  53%|#####2    | 71/134 [00:20<00:18,  3.39it/s]
accuracy: 0.4856, precision: 0.5057, recall: 0.2549, f1_measure: 0.3390, loss: 1.2053 ||:  80%|#######9  | 107/134 [00:31<00:08,  3.33it/s]
accuracy: 0.4854, precision: 0.5102, recall: 0.2747, f1_measure: 0.3571, loss: 1.2063 ||: 100%|##########| 134/134 [00:38<00:00,  3.44it/s]

  0%|          | 0/18 [00:00<?, ?it/s]
accuracy: 0.4532, precision: 0.4306, recall: 0.4460, f1_measure: 0.4382, loss: 1.2254 ||: 100%|##########| 18/18 [00:04<00:00,  4.08it/s]

  0%|          | 0/134 [00:00<?, ?it/s]
accuracy: 0.5677, precision: 0.6198, recall: 0.4630, f1_measure: 0.5301, loss: 1.0604 ||:  22%|##2       | 30/134 [00:10<00:35,  2.94it/s]
accuracy: 0.5579, precision: 0.5837, recall: 0.4389, f1_measure: 0.5011, loss: 1.0661 ||:  49%|####8     | 65/134 [00:20<00:22,  3.06it/s]
accuracy: 0.5535, precision: 0.5943, recall: 0.4342, f1_measure: 0.5018, loss: 1.0709 ||:  75%|#######5  | 101/134 [00:30<00:10,  3.19it/s]
accuracy: 0.5472, precision: 0.5793, recall: 0.4249, f1_measure: 0.4902, loss: 1.0805 ||: 100%|##########| 134/134 [00:39<00:00,  3.41it/s]

  0%|          | 0/18 [00:00<?, ?it/s]
accuracy: 0.4505, precision: 0.4800, recall: 0.3453, f1_measure: 0.4017, loss: 1.2344 ||: 100%|##########| 18/18 [00:04<00:00,  4.07it/s]

  0%|          | 0/134 [00:00<?, ?it/s]
accuracy: 0.6505, precision: 0.7238, recall: 0.5846, f1_measure: 0.6468, loss: 0.9110 ||:  22%|##2       | 30/134 [00:10<00:34,  2.99it/s]
accuracy: 0.6598, precision: 0.7169, recall: 0.6053, f1_measure: 0.6564, loss: 0.8824 ||:  49%|####9     | 66/134 [00:20<00:21,  3.15it/s]
accuracy: 0.6474, precision: 0.6944, recall: 0.5675, f1_measure: 0.6246, loss: 0.8951 ||:  77%|#######6  | 103/134 [00:30<00:09,  3.28it/s]
accuracy: 0.6445, precision: 0.7020, recall: 0.5586, f1_measure: 0.6221, loss: 0.8969 ||: 100%|##########| 134/134 [00:39<00:00,  3.43it/s]

  0%|          | 0/18 [00:00<?, ?it/s]
accuracy: 0.4532, precision: 0.4741, recall: 0.3957, f1_measure: 0.4314, loss: 1.3035 ||: 100%|##########| 18/18 [00:04<00:00,  4.08it/s]

  0%|          | 0/134 [00:00<?, ?it/s]
accuracy: 0.7719, precision: 0.8320, recall: 0.7148, f1_measure: 0.7690, loss: 0.6638 ||:  26%|##6       | 35/134 [00:10<00:29,  3.33it/s]
accuracy: 0.7656, precision: 0.8004, recall: 0.7191, f1_measure: 0.7576, loss: 0.6726 ||:  51%|#####1    | 69/134 [00:21<00:19,  3.27it/s]
accuracy: 0.7550, precision: 0.7932, recall: 0.7107, f1_measure: 0.7497, loss: 0.6762 ||:  79%|#######9  | 106/134 [00:31<00:08,  3.37it/s]
accuracy: 0.7549, precision: 0.7922, recall: 0.7051, f1_measure: 0.7461, loss: 0.6756 ||: 100%|##########| 134/134 [00:39<00:00,  3.42it/s]

  0%|          | 0/18 [00:00<?, ?it/s]
accuracy: 0.4360, precision: 0.4945, recall: 0.3237, f1_measure: 0.3913, loss: 1.4261 ||: 100%|##########| 18/18 [00:04<00:00,  4.06it/s]

  0%|          | 0/134 [00:00<?, ?it/s]
accuracy: 0.8681, precision: 0.9485, recall: 0.8629, f1_measure: 0.9037, loss: 0.4554 ||:  27%|##6       | 36/134 [00:10<00:27,  3.57it/s]
accuracy: 0.8715, precision: 0.9080, recall: 0.8507, f1_measure: 0.8784, loss: 0.4414 ||:  54%|#####3    | 72/134 [00:20<00:17,  3.53it/s]
accuracy: 0.8615, precision: 0.8920, recall: 0.8458, f1_measure: 0.8683, loss: 0.4521 ||:  80%|#######9  | 107/134 [00:30<00:07,  3.51it/s]
accuracy: 0.8562, precision: 0.8884, recall: 0.8526, f1_measure: 0.8701, loss: 0.4555 ||: 100%|##########| 134/134 [00:39<00:00,  3.41it/s]

  0%|          | 0/18 [00:00<?, ?it/s]
accuracy: 0.4096, precision: 0.4400, recall: 0.3165, f1_measure: 0.3682, loss: 1.5700 ||: 100%|##########| 18/18 [00:04<00:00,  4.05it/s]

  0%|          | 0/134 [00:00<?, ?it/s]
accuracy: 0.9476, precision: 0.9615, recall: 0.9454, f1_measure: 0.9534, loss: 0.2586 ||:  23%|##3       | 31/134 [00:10<00:33,  3.06it/s]
accuracy: 0.9361, precision: 0.9539, recall: 0.9272, f1_measure: 0.9404, loss: 0.2807 ||:  49%|####9     | 66/134 [00:20<00:21,  3.16it/s]
accuracy: 0.9312, precision: 0.9579, recall: 0.9170, f1_measure: 0.9370, loss: 0.2821 ||:  78%|#######8  | 105/134 [00:30<00:08,  3.32it/s]
accuracy: 0.9267, precision: 0.9530, recall: 0.9093, f1_measure: 0.9306, loss: 0.2847 ||: 100%|##########| 134/134 [00:39<00:00,  3.42it/s]

  0%|          | 0/18 [00:00<?, ?it/s]
accuracy: 0.4214, precision: 0.4328, recall: 0.4173, f1_measure: 0.4249, loss: 1.6894 ||: 100%|##########| 18/18 [00:04<00:00,  4.06it/s]

