0it [00:00, ?it/s]
8544it [00:01, 5791.36it/s]

0it [00:00, ?it/s]
1101it [00:00, 4091.74it/s]

0it [00:00, ?it/s]
9645it [00:00, 247254.57it/s]

  0%|          | 0/134 [00:00<?, ?it/s]
accuracy: 0.2661, precision: 0.0000, recall: 0.0000, f1_measure: 0.0000, loss: 1.5740 ||:  23%|##3       | 31/134 [00:10<00:33,  3.04it/s]
accuracy: 0.2964, precision: 0.0000, recall: 0.0000, f1_measure: 0.0000, loss: 1.5455 ||:  49%|####9     | 66/134 [00:20<00:21,  3.16it/s]
accuracy: 0.3237, precision: 0.0000, recall: 0.0000, f1_measure: 0.0000, loss: 1.5038 ||:  79%|#######9  | 106/134 [00:30<00:08,  3.36it/s]
accuracy: 0.3338, precision: 0.0000, recall: 0.0000, f1_measure: 0.0000, loss: 1.4878 ||: 100%|##########| 134/134 [00:38<00:00,  3.48it/s]

  0%|          | 0/18 [00:00<?, ?it/s]
accuracy: 0.4024, precision: 0.0000, recall: 0.0000, f1_measure: 0.0000, loss: 1.3740 ||: 100%|##########| 18/18 [00:04<00:00,  3.72it/s]

  0%|          | 0/134 [00:00<?, ?it/s]
accuracy: 0.3834, precision: 0.0000, recall: 0.0000, f1_measure: 0.0000, loss: 1.3959 ||:  28%|##7       | 37/134 [00:10<00:26,  3.68it/s]
accuracy: 0.3885, precision: 0.3636, recall: 0.0260, f1_measure: 0.0486, loss: 1.4025 ||:  55%|#####5    | 74/134 [00:20<00:16,  3.66it/s]
accuracy: 0.3896, precision: 0.3750, recall: 0.0196, f1_measure: 0.0373, loss: 1.3993 ||:  83%|########2 | 111/134 [00:31<00:06,  3.56it/s]
accuracy: 0.3922, precision: 0.3725, recall: 0.0174, f1_measure: 0.0332, loss: 1.3958 ||: 100%|##########| 134/134 [00:37<00:00,  3.57it/s]

  0%|          | 0/18 [00:00<?, ?it/s]
accuracy: 0.4160, precision: 0.0000, recall: 0.0000, f1_measure: 0.0000, loss: 1.3524 ||: 100%|##########| 18/18 [00:04<00:00,  3.99it/s]

  0%|          | 0/134 [00:00<?, ?it/s]
accuracy: 0.4165, precision: 0.2800, recall: 0.0228, f1_measure: 0.0422, loss: 1.3631 ||:  28%|##7       | 37/134 [00:10<00:26,  3.66it/s]
accuracy: 0.4133, precision: 0.4024, recall: 0.0545, f1_measure: 0.0959, loss: 1.3580 ||:  55%|#####5    | 74/134 [00:20<00:16,  3.65it/s]
accuracy: 0.4108, precision: 0.4045, recall: 0.0982, f1_measure: 0.1581, loss: 1.3606 ||:  83%|########2 | 111/134 [00:30<00:06,  3.59it/s]
accuracy: 0.4132, precision: 0.3941, recall: 0.0971, f1_measure: 0.1558, loss: 1.3591 ||: 100%|##########| 134/134 [00:37<00:00,  3.57it/s]

  0%|          | 0/18 [00:00<?, ?it/s]
accuracy: 0.4142, precision: 0.3115, recall: 0.1367, f1_measure: 0.1900, loss: 1.3274 ||: 100%|##########| 18/18 [00:04<00:00,  4.04it/s]

  0%|          | 0/134 [00:00<?, ?it/s]
accuracy: 0.4151, precision: 0.6111, recall: 0.0772, f1_measure: 0.1371, loss: 1.3455 ||:  25%|##5       | 34/134 [00:10<00:29,  3.35it/s]
accuracy: 0.4218, precision: 0.5391, recall: 0.1015, f1_measure: 0.1708, loss: 1.3375 ||:  55%|#####5    | 74/134 [00:20<00:17,  3.51it/s]
accuracy: 0.4208, precision: 0.5000, recall: 0.1153, f1_measure: 0.1874, loss: 1.3325 ||:  85%|########5 | 114/134 [00:31<00:05,  3.51it/s]
accuracy: 0.4230, precision: 0.4597, recall: 0.1255, f1_measure: 0.1971, loss: 1.3350 ||: 100%|##########| 134/134 [00:37<00:00,  3.58it/s]

  0%|          | 0/18 [00:00<?, ?it/s]
accuracy: 0.4114, precision: 0.3254, recall: 0.3957, f1_measure: 0.3571, loss: 1.3469 ||: 100%|##########| 18/18 [00:04<00:00,  3.98it/s]

  0%|          | 0/134 [00:00<?, ?it/s]
accuracy: 0.4496, precision: 0.4861, recall: 0.1264, f1_measure: 0.2006, loss: 1.2896 ||:  26%|##6       | 35/134 [00:10<00:28,  3.46it/s]
accuracy: 0.4415, precision: 0.4865, recall: 0.1912, f1_measure: 0.2745, loss: 1.2989 ||:  52%|#####2    | 70/134 [00:20<00:18,  3.46it/s]
accuracy: 0.4427, precision: 0.4762, recall: 0.1829, f1_measure: 0.2642, loss: 1.2996 ||:  81%|########1 | 109/134 [00:30<00:07,  3.55it/s]
accuracy: 0.4419, precision: 0.4846, recall: 0.1731, f1_measure: 0.2551, loss: 1.3019 ||: 100%|##########| 134/134 [00:37<00:00,  3.60it/s]

  0%|          | 0/18 [00:00<?, ?it/s]
accuracy: 0.4233, precision: 0.3265, recall: 0.2302, f1_measure: 0.2700, loss: 1.2999 ||: 100%|##########| 18/18 [00:04<00:00,  4.00it/s]

  0%|          | 0/134 [00:00<?, ?it/s]
accuracy: 0.4517, precision: 0.5111, recall: 0.2604, f1_measure: 0.3450, loss: 1.2776 ||:  25%|##4       | 33/134 [00:10<00:31,  3.23it/s]
accuracy: 0.4504, precision: 0.5179, recall: 0.2185, f1_measure: 0.3073, loss: 1.2714 ||:  54%|#####4    | 73/134 [00:20<00:17,  3.40it/s]
accuracy: 0.4459, precision: 0.4988, recall: 0.2203, f1_measure: 0.3056, loss: 1.2784 ||:  84%|########3 | 112/134 [00:30<00:06,  3.52it/s]
accuracy: 0.4442, precision: 0.4863, recall: 0.2280, f1_measure: 0.3105, loss: 1.2779 ||: 100%|##########| 134/134 [00:37<00:00,  3.61it/s]

  0%|          | 0/18 [00:00<?, ?it/s]
accuracy: 0.4323, precision: 0.3605, recall: 0.2230, f1_measure: 0.2756, loss: 1.2984 ||: 100%|##########| 18/18 [00:04<00:00,  4.06it/s]

  0%|          | 0/134 [00:00<?, ?it/s]
accuracy: 0.4675, precision: 0.4965, recall: 0.2349, f1_measure: 0.3189, loss: 1.2295 ||:  28%|##8       | 38/134 [00:10<00:25,  3.75it/s]
accuracy: 0.4579, precision: 0.5019, recall: 0.2195, f1_measure: 0.3054, loss: 1.2436 ||:  57%|#####6    | 76/134 [00:20<00:15,  3.74it/s]
accuracy: 0.4618, precision: 0.4834, recall: 0.2370, f1_measure: 0.3180, loss: 1.2513 ||:  85%|########5 | 114/134 [00:30<00:05,  3.69it/s]
accuracy: 0.4636, precision: 0.5039, recall: 0.2381, f1_measure: 0.3234, loss: 1.2471 ||: 100%|##########| 134/134 [00:37<00:00,  3.61it/s]

  0%|          | 0/18 [00:00<?, ?it/s]
accuracy: 0.4469, precision: 0.3509, recall: 0.2878, f1_measure: 0.3162, loss: 1.3016 ||: 100%|##########| 18/18 [00:04<00:00,  4.00it/s]

  0%|          | 0/134 [00:00<?, ?it/s]
accuracy: 0.4852, precision: 0.5470, recall: 0.3133, f1_measure: 0.3984, loss: 1.2069 ||:  29%|##9       | 39/134 [00:10<00:24,  3.83it/s]
accuracy: 0.4788, precision: 0.5156, recall: 0.3084, f1_measure: 0.3860, loss: 1.2068 ||:  58%|#####8    | 78/134 [00:21<00:15,  3.67it/s]
accuracy: 0.4825, precision: 0.5306, recall: 0.3189, f1_measure: 0.3984, loss: 1.2020 ||:  84%|########3 | 112/134 [00:31<00:06,  3.59it/s]
accuracy: 0.4801, precision: 0.5236, recall: 0.3049, f1_measure: 0.3854, loss: 1.2063 ||: 100%|##########| 134/134 [00:37<00:00,  3.56it/s]

  0%|          | 0/18 [00:00<?, ?it/s]
accuracy: 0.4296, precision: 0.3696, recall: 0.2446, f1_measure: 0.2944, loss: 1.3137 ||: 100%|##########| 18/18 [00:04<00:00,  3.98it/s]

  0%|          | 0/134 [00:00<?, ?it/s]
accuracy: 0.4799, precision: 0.4545, recall: 0.2473, f1_measure: 0.3204, loss: 1.1919 ||:  26%|##6       | 35/134 [00:10<00:29,  3.37it/s]
accuracy: 0.4952, precision: 0.5000, recall: 0.2965, f1_measure: 0.3722, loss: 1.1843 ||:  54%|#####3    | 72/134 [00:20<00:18,  3.41it/s]
accuracy: 0.4929, precision: 0.4974, recall: 0.3234, f1_measure: 0.3919, loss: 1.1771 ||:  82%|########2 | 110/134 [00:31<00:06,  3.50it/s]
accuracy: 0.4918, precision: 0.4958, recall: 0.3278, f1_measure: 0.3947, loss: 1.1802 ||: 100%|##########| 134/134 [00:37<00:00,  3.60it/s]

  0%|          | 0/18 [00:00<?, ?it/s]
accuracy: 0.4460, precision: 0.3679, recall: 0.2806, f1_measure: 0.3184, loss: 1.3174 ||: 100%|##########| 18/18 [00:04<00:00,  4.03it/s]

  0%|          | 0/134 [00:00<?, ?it/s]
accuracy: 0.5115, precision: 0.5564, recall: 0.4392, f1_measure: 0.4909, loss: 1.1451 ||:  28%|##8       | 38/134 [00:10<00:26,  3.69it/s]
accuracy: 0.5108, precision: 0.5516, recall: 0.4055, f1_measure: 0.4674, loss: 1.1541 ||:  56%|#####5    | 75/134 [00:20<00:16,  3.62it/s]
accuracy: 0.5039, precision: 0.5387, recall: 0.3637, f1_measure: 0.4343, loss: 1.1563 ||:  84%|########3 | 112/134 [00:31<00:06,  3.62it/s]
accuracy: 0.5049, precision: 0.5227, recall: 0.3791, f1_measure: 0.4395, loss: 1.1574 ||: 100%|##########| 134/134 [00:36<00:00,  3.62it/s]

  0%|          | 0/18 [00:00<?, ?it/s]
accuracy: 0.4360, precision: 0.3462, recall: 0.1942, f1_measure: 0.2488, loss: 1.3281 ||: 100%|##########| 18/18 [00:04<00:00,  4.02it/s]

  0%|          | 0/134 [00:00<?, ?it/s]
accuracy: 0.5414, precision: 0.5364, recall: 0.2935, f1_measure: 0.3794, loss: 1.0877 ||:  27%|##6       | 36/134 [00:10<00:27,  3.60it/s]
accuracy: 0.5306, precision: 0.5572, recall: 0.3724, f1_measure: 0.4464, loss: 1.1150 ||:  54%|#####4    | 73/134 [00:20<00:16,  3.60it/s]
accuracy: 0.5256, precision: 0.5507, recall: 0.3994, f1_measure: 0.4630, loss: 1.1228 ||:  81%|########1 | 109/134 [00:30<00:07,  3.57it/s]
accuracy: 0.5254, precision: 0.5525, recall: 0.3855, f1_measure: 0.4542, loss: 1.1251 ||: 100%|##########| 134/134 [00:37<00:00,  3.61it/s]

  0%|          | 0/18 [00:00<?, ?it/s]
accuracy: 0.4296, precision: 0.3421, recall: 0.2806, f1_measure: 0.3083, loss: 1.3742 ||: 100%|##########| 18/18 [00:04<00:00,  3.98it/s]

  0%|          | 0/134 [00:00<?, ?it/s]
accuracy: 0.5512, precision: 0.6073, recall: 0.4427, f1_measure: 0.5121, loss: 1.0618 ||:  27%|##6       | 36/134 [00:10<00:27,  3.58it/s]
accuracy: 0.5460, precision: 0.5995, recall: 0.4119, f1_measure: 0.4883, loss: 1.0616 ||:  54%|#####3    | 72/134 [00:20<00:17,  3.55it/s]
accuracy: 0.5352, precision: 0.5771, recall: 0.4182, f1_measure: 0.4850, loss: 1.0829 ||:  81%|########  | 108/134 [00:30<00:07,  3.55it/s]
accuracy: 0.5353, precision: 0.5787, recall: 0.4176, f1_measure: 0.4851, loss: 1.0909 ||: 100%|##########| 134/134 [00:37<00:00,  3.56it/s]

  0%|          | 0/18 [00:00<?, ?it/s]
accuracy: 0.4251, precision: 0.3636, recall: 0.3453, f1_measure: 0.3542, loss: 1.3898 ||: 100%|##########| 18/18 [00:04<00:00,  4.02it/s]

