2019-05-09 23:38:44,081 - INFO - allennlp.common.params - evaluate_on_test = False
2019-05-09 23:38:44,081 - INFO - allennlp.common.from_params - instantiating class <class 'allennlp.data.dataset_readers.dataset_reader.DatasetReader'> from params {'token_indexers': {'bert': {'do_lowercase': False, 'max_pieces': 100, 'pretrained_model': 'bert-base-uncased', 'type': 'bert-pretrained', 'use_starting_offsets': True}}, 'type': 'sst_tokens'} and extras set()
2019-05-09 23:38:44,081 - INFO - allennlp.common.params - dataset_reader.type = sst_tokens
2019-05-09 23:38:44,081 - INFO - allennlp.common.from_params - instantiating class <class 'allennlp.data.dataset_readers.stanford_sentiment_tree_bank.StanfordSentimentTreeBankDatasetReader'> from params {'token_indexers': {'bert': {'do_lowercase': False, 'max_pieces': 100, 'pretrained_model': 'bert-base-uncased', 'type': 'bert-pretrained', 'use_starting_offsets': True}}} and extras set()
2019-05-09 23:38:44,081 - INFO - allennlp.common.from_params - instantiating class allennlp.data.token_indexers.token_indexer.TokenIndexer from params {'do_lowercase': False, 'max_pieces': 100, 'pretrained_model': 'bert-base-uncased', 'type': 'bert-pretrained', 'use_starting_offsets': True} and extras set()
2019-05-09 23:38:44,081 - INFO - allennlp.common.params - dataset_reader.token_indexers.bert.type = bert-pretrained
2019-05-09 23:38:44,082 - INFO - allennlp.common.from_params - instantiating class allennlp.data.token_indexers.wordpiece_indexer.PretrainedBertIndexer from params {'do_lowercase': False, 'max_pieces': 100, 'pretrained_model': 'bert-base-uncased', 'use_starting_offsets': True} and extras set()
2019-05-09 23:38:44,082 - INFO - allennlp.common.params - dataset_reader.token_indexers.bert.pretrained_model = bert-base-uncased
2019-05-09 23:38:44,082 - INFO - allennlp.common.params - dataset_reader.token_indexers.bert.use_starting_offsets = True
2019-05-09 23:38:44,082 - INFO - allennlp.common.params - dataset_reader.token_indexers.bert.do_lowercase = False
2019-05-09 23:38:44,082 - INFO - allennlp.common.params - dataset_reader.token_indexers.bert.never_lowercase = None
2019-05-09 23:38:44,082 - INFO - allennlp.common.params - dataset_reader.token_indexers.bert.max_pieces = 100
2019-05-09 23:38:44,082 - WARNING - allennlp.data.token_indexers.wordpiece_indexer - Your BERT model appears to be uncased, but your indexer is not lowercasing tokens.
2019-05-09 23:38:45,131 - INFO - pytorch_pretrained_bert.tokenization - loading vocabulary file https://s3.amazonaws.com/models.huggingface.co/bert/bert-base-uncased-vocab.txt from cache at /home/kirill/.pytorch_pretrained_bert/26bc1ad6c0ac742e9b52263248f6d0f00068293b33709fae12320c0e35ccfbbb.542ce4285a40d23a559526243235df47c5f75c197f04f37d1a0c124c32c9a084
2019-05-09 23:38:45,193 - INFO - allennlp.common.params - dataset_reader.use_subtrees = False
2019-05-09 23:38:45,194 - INFO - allennlp.common.params - dataset_reader.granularity = 5-class
2019-05-09 23:38:45,194 - INFO - allennlp.common.params - dataset_reader.lazy = False
2019-05-09 23:38:45,194 - INFO - allennlp.common.params - validation_dataset_reader = None
2019-05-09 23:38:45,194 - INFO - allennlp.common.params - train_data_path = homework5/data/stanfordSentimentTreebank/trees/train.txt
2019-05-09 23:38:45,194 - INFO - allennlp.training.util - Reading training data from homework5/data/stanfordSentimentTreebank/trees/train.txt
2019-05-09 23:38:45,194 - INFO - allennlp.data.dataset_readers.stanford_sentiment_tree_bank - Reading instances from lines in file at: homework5/data/stanfordSentimentTreebank/trees/train.txt
2019-05-09 23:38:46,608 - INFO - allennlp.common.params - validation_data_path = homework5/data/stanfordSentimentTreebank/trees/dev.txt
2019-05-09 23:38:46,608 - INFO - allennlp.training.util - Reading validation data from homework5/data/stanfordSentimentTreebank/trees/dev.txt
2019-05-09 23:38:46,608 - INFO - allennlp.data.dataset_readers.stanford_sentiment_tree_bank - Reading instances from lines in file at: homework5/data/stanfordSentimentTreebank/trees/dev.txt
2019-05-09 23:38:46,756 - INFO - allennlp.common.params - test_data_path = None
2019-05-09 23:38:46,756 - INFO - allennlp.training.trainer - From dataset instances, train, validation will be considered for vocabulary creation.
2019-05-09 23:38:46,756 - INFO - allennlp.common.params - vocabulary.type = None
2019-05-09 23:38:46,756 - INFO - allennlp.common.params - vocabulary.extend = False
2019-05-09 23:38:46,756 - INFO - allennlp.common.params - vocabulary.directory_path = None
2019-05-09 23:38:46,756 - INFO - allennlp.common.params - vocabulary.min_count = None
2019-05-09 23:38:46,756 - INFO - allennlp.common.params - vocabulary.max_vocab_size = None
2019-05-09 23:38:46,756 - INFO - allennlp.common.params - vocabulary.non_padded_namespaces = ('*tags', '*labels')
2019-05-09 23:38:46,756 - INFO - allennlp.common.params - vocabulary.min_pretrained_embeddings = None
2019-05-09 23:38:46,756 - INFO - allennlp.common.params - vocabulary.only_include_pretrained_words = False
2019-05-09 23:38:46,757 - INFO - allennlp.common.params - vocabulary.tokens_to_add = None
2019-05-09 23:38:46,757 - INFO - allennlp.data.vocabulary - Fitting token dictionary from dataset.
2019-05-09 23:38:46,798 - INFO - allennlp.common.from_params - instantiating class <class 'allennlp.models.model.Model'> from params {'encoder': {'bidirectional': True, 'dropout': 0.5, 'hidden_size': 64, 'input_size': 768, 'num_layers': 2, 'type': 'gru'}, 'type': 'lstm_classifier', 'word_embeddings': {'allow_unmatched_keys': True, 'token_embedders': {'bert': {'pretrained_model': 'bert-base-uncased', 'type': 'bert-pretrained'}}}} and extras {'vocab'}
2019-05-09 23:38:46,798 - INFO - allennlp.common.params - model.type = lstm_classifier
2019-05-09 23:38:46,798 - INFO - allennlp.common.from_params - instantiating class <class 'homework5.models.sst_classifier.LstmClassifier'> from params {'encoder': {'bidirectional': True, 'dropout': 0.5, 'hidden_size': 64, 'input_size': 768, 'num_layers': 2, 'type': 'gru'}, 'word_embeddings': {'allow_unmatched_keys': True, 'token_embedders': {'bert': {'pretrained_model': 'bert-base-uncased', 'type': 'bert-pretrained'}}}} and extras {'vocab'}
2019-05-09 23:38:46,798 - INFO - allennlp.common.from_params - instantiating class <class 'allennlp.modules.text_field_embedders.text_field_embedder.TextFieldEmbedder'> from params {'allow_unmatched_keys': True, 'token_embedders': {'bert': {'pretrained_model': 'bert-base-uncased', 'type': 'bert-pretrained'}}} and extras {'vocab'}
2019-05-09 23:38:46,798 - INFO - allennlp.common.params - model.word_embeddings.type = basic
2019-05-09 23:38:46,798 - INFO - allennlp.common.params - model.word_embeddings.embedder_to_indexer_map = None
2019-05-09 23:38:46,798 - INFO - allennlp.common.params - model.word_embeddings.allow_unmatched_keys = True
2019-05-09 23:38:46,798 - INFO - allennlp.common.from_params - instantiating class <class 'allennlp.modules.token_embedders.token_embedder.TokenEmbedder'> from params {'pretrained_model': 'bert-base-uncased', 'type': 'bert-pretrained'} and extras {'vocab'}
2019-05-09 23:38:46,798 - INFO - allennlp.common.params - model.word_embeddings.token_embedders.bert.type = bert-pretrained
2019-05-09 23:38:46,799 - INFO - allennlp.common.from_params - instantiating class <class 'allennlp.modules.token_embedders.bert_token_embedder.PretrainedBertEmbedder'> from params {'pretrained_model': 'bert-base-uncased'} and extras {'vocab'}
2019-05-09 23:38:46,799 - INFO - allennlp.common.params - model.word_embeddings.token_embedders.bert.pretrained_model = bert-base-uncased
2019-05-09 23:38:46,799 - INFO - allennlp.common.params - model.word_embeddings.token_embedders.bert.requires_grad = False
2019-05-09 23:38:46,799 - INFO - allennlp.common.params - model.word_embeddings.token_embedders.bert.top_layer_only = False
2019-05-09 23:38:47,765 - INFO - pytorch_pretrained_bert.modeling - loading archive file https://s3.amazonaws.com/models.huggingface.co/bert/bert-base-uncased.tar.gz from cache at /home/kirill/.pytorch_pretrained_bert/9c41111e2de84547a463fd39217199738d1e3deb72d4fec4399e6e241983c6f0.ae3cef932725ca7a30cdcb93fc6e09150a55e2a130ec7af63975a16c153ae2ba
2019-05-09 23:38:47,767 - INFO - pytorch_pretrained_bert.modeling - extracting archive file /home/kirill/.pytorch_pretrained_bert/9c41111e2de84547a463fd39217199738d1e3deb72d4fec4399e6e241983c6f0.ae3cef932725ca7a30cdcb93fc6e09150a55e2a130ec7af63975a16c153ae2ba to temp dir /tmp/tmpb7cnvuxw
2019-05-09 23:38:50,921 - INFO - pytorch_pretrained_bert.modeling - Model config {
  "attention_probs_dropout_prob": 0.1,
  "hidden_act": "gelu",
  "hidden_dropout_prob": 0.1,
  "hidden_size": 768,
  "initializer_range": 0.02,
  "intermediate_size": 3072,
  "max_position_embeddings": 512,
  "num_attention_heads": 12,
  "num_hidden_layers": 12,
  "type_vocab_size": 2,
  "vocab_size": 30522
}

2019-05-09 23:38:52,655 - INFO - allennlp.common.from_params - instantiating class <class 'allennlp.modules.seq2vec_encoders.seq2vec_encoder.Seq2VecEncoder'> from params {'bidirectional': True, 'dropout': 0.5, 'hidden_size': 64, 'input_size': 768, 'num_layers': 2, 'type': 'gru'} and extras {'vocab'}
2019-05-09 23:38:52,655 - INFO - allennlp.common.params - model.encoder.type = gru
2019-05-09 23:38:52,656 - INFO - allennlp.common.params - model.encoder.batch_first = True
2019-05-09 23:38:52,656 - INFO - allennlp.common.params - Converting Params object to dict; logging of default values will not occur when dictionary parameters are used subsequently.
2019-05-09 23:38:52,656 - INFO - allennlp.common.params - CURRENTLY DEFINED PARAMETERS: 
2019-05-09 23:38:52,656 - INFO - allennlp.common.params - model.encoder.bidirectional = True
2019-05-09 23:38:52,656 - INFO - allennlp.common.params - model.encoder.dropout = 0.5
2019-05-09 23:38:52,656 - INFO - allennlp.common.params - model.encoder.hidden_size = 64
2019-05-09 23:38:52,656 - INFO - allennlp.common.params - model.encoder.input_size = 768
2019-05-09 23:38:52,656 - INFO - allennlp.common.params - model.encoder.num_layers = 2
2019-05-09 23:38:52,656 - INFO - allennlp.common.params - model.encoder.batch_first = True
2019-05-09 23:38:52,660 - INFO - allennlp.common.params - model.positive_label = 4
2019-05-09 23:38:52,661 - INFO - allennlp.common.from_params - instantiating class <class 'allennlp.data.iterators.data_iterator.DataIterator'> from params {'batch_size': 32, 'sorting_keys': [['tokens', 'num_tokens']], 'type': 'bucket'} and extras set()
2019-05-09 23:38:52,661 - INFO - allennlp.common.params - iterator.type = bucket
2019-05-09 23:38:52,661 - INFO - allennlp.common.from_params - instantiating class <class 'allennlp.data.iterators.bucket_iterator.BucketIterator'> from params {'batch_size': 32, 'sorting_keys': [['tokens', 'num_tokens']]} and extras set()
2019-05-09 23:38:52,662 - INFO - allennlp.common.params - iterator.sorting_keys = [['tokens', 'num_tokens']]
2019-05-09 23:38:52,662 - INFO - allennlp.common.params - iterator.padding_noise = 0.1
2019-05-09 23:38:52,662 - INFO - allennlp.common.params - iterator.biggest_batch_first = False
2019-05-09 23:38:52,662 - INFO - allennlp.common.params - iterator.batch_size = 32
2019-05-09 23:38:52,662 - INFO - allennlp.common.params - iterator.instances_per_epoch = None
2019-05-09 23:38:52,662 - INFO - allennlp.common.params - iterator.max_instances_in_memory = None
2019-05-09 23:38:52,662 - INFO - allennlp.common.params - iterator.cache_instances = False
2019-05-09 23:38:52,662 - INFO - allennlp.common.params - iterator.track_epoch = False
2019-05-09 23:38:52,662 - INFO - allennlp.common.params - iterator.maximum_samples_per_batch = None
2019-05-09 23:38:52,662 - INFO - allennlp.common.params - validation_iterator = None
2019-05-09 23:38:52,662 - INFO - allennlp.common.params - trainer.no_grad = ()
2019-05-09 23:38:52,664 - INFO - allennlp.training.trainer - Following parameters are Frozen  (without gradient):
2019-05-09 23:38:52,664 - INFO - allennlp.training.trainer - word_embeddings.token_embedder_bert.bert_model.embeddings.word_embeddings.weight
2019-05-09 23:38:52,664 - INFO - allennlp.training.trainer - word_embeddings.token_embedder_bert.bert_model.embeddings.position_embeddings.weight
2019-05-09 23:38:52,664 - INFO - allennlp.training.trainer - word_embeddings.token_embedder_bert.bert_model.embeddings.token_type_embeddings.weight
2019-05-09 23:38:52,664 - INFO - allennlp.training.trainer - word_embeddings.token_embedder_bert.bert_model.embeddings.LayerNorm.weight
2019-05-09 23:38:52,664 - INFO - allennlp.training.trainer - word_embeddings.token_embedder_bert.bert_model.embeddings.LayerNorm.bias
2019-05-09 23:38:52,664 - INFO - allennlp.training.trainer - word_embeddings.token_embedder_bert.bert_model.encoder.layer.0.attention.self.query.weight
2019-05-09 23:38:52,664 - INFO - allennlp.training.trainer - word_embeddings.token_embedder_bert.bert_model.encoder.layer.0.attention.self.query.bias
2019-05-09 23:38:52,665 - INFO - allennlp.training.trainer - word_embeddings.token_embedder_bert.bert_model.encoder.layer.0.attention.self.key.weight
2019-05-09 23:38:52,665 - INFO - allennlp.training.trainer - word_embeddings.token_embedder_bert.bert_model.encoder.layer.0.attention.self.key.bias
2019-05-09 23:38:52,665 - INFO - allennlp.training.trainer - word_embeddings.token_embedder_bert.bert_model.encoder.layer.0.attention.self.value.weight
2019-05-09 23:38:52,665 - INFO - allennlp.training.trainer - word_embeddings.token_embedder_bert.bert_model.encoder.layer.0.attention.self.value.bias
2019-05-09 23:38:52,665 - INFO - allennlp.training.trainer - word_embeddings.token_embedder_bert.bert_model.encoder.layer.0.attention.output.dense.weight
2019-05-09 23:38:52,665 - INFO - allennlp.training.trainer - word_embeddings.token_embedder_bert.bert_model.encoder.layer.0.attention.output.dense.bias
2019-05-09 23:38:52,665 - INFO - allennlp.training.trainer - word_embeddings.token_embedder_bert.bert_model.encoder.layer.0.attention.output.LayerNorm.weight
2019-05-09 23:38:52,665 - INFO - allennlp.training.trainer - word_embeddings.token_embedder_bert.bert_model.encoder.layer.0.attention.output.LayerNorm.bias
2019-05-09 23:38:52,665 - INFO - allennlp.training.trainer - word_embeddings.token_embedder_bert.bert_model.encoder.layer.0.intermediate.dense.weight
2019-05-09 23:38:52,665 - INFO - allennlp.training.trainer - word_embeddings.token_embedder_bert.bert_model.encoder.layer.0.intermediate.dense.bias
2019-05-09 23:38:52,665 - INFO - allennlp.training.trainer - word_embeddings.token_embedder_bert.bert_model.encoder.layer.0.output.dense.weight
2019-05-09 23:38:52,665 - INFO - allennlp.training.trainer - word_embeddings.token_embedder_bert.bert_model.encoder.layer.0.output.dense.bias
2019-05-09 23:38:52,665 - INFO - allennlp.training.trainer - word_embeddings.token_embedder_bert.bert_model.encoder.layer.0.output.LayerNorm.weight
2019-05-09 23:38:52,665 - INFO - allennlp.training.trainer - word_embeddings.token_embedder_bert.bert_model.encoder.layer.0.output.LayerNorm.bias
2019-05-09 23:38:52,665 - INFO - allennlp.training.trainer - word_embeddings.token_embedder_bert.bert_model.encoder.layer.1.attention.self.query.weight
2019-05-09 23:38:52,665 - INFO - allennlp.training.trainer - word_embeddings.token_embedder_bert.bert_model.encoder.layer.1.attention.self.query.bias
2019-05-09 23:38:52,665 - INFO - allennlp.training.trainer - word_embeddings.token_embedder_bert.bert_model.encoder.layer.1.attention.self.key.weight
2019-05-09 23:38:52,665 - INFO - allennlp.training.trainer - word_embeddings.token_embedder_bert.bert_model.encoder.layer.1.attention.self.key.bias
2019-05-09 23:38:52,665 - INFO - allennlp.training.trainer - word_embeddings.token_embedder_bert.bert_model.encoder.layer.1.attention.self.value.weight
2019-05-09 23:38:52,665 - INFO - allennlp.training.trainer - word_embeddings.token_embedder_bert.bert_model.encoder.layer.1.attention.self.value.bias
2019-05-09 23:38:52,666 - INFO - allennlp.training.trainer - word_embeddings.token_embedder_bert.bert_model.encoder.layer.1.attention.output.dense.weight
2019-05-09 23:38:52,666 - INFO - allennlp.training.trainer - word_embeddings.token_embedder_bert.bert_model.encoder.layer.1.attention.output.dense.bias
2019-05-09 23:38:52,666 - INFO - allennlp.training.trainer - word_embeddings.token_embedder_bert.bert_model.encoder.layer.1.attention.output.LayerNorm.weight
2019-05-09 23:38:52,666 - INFO - allennlp.training.trainer - word_embeddings.token_embedder_bert.bert_model.encoder.layer.1.attention.output.LayerNorm.bias
2019-05-09 23:38:52,666 - INFO - allennlp.training.trainer - word_embeddings.token_embedder_bert.bert_model.encoder.layer.1.intermediate.dense.weight
2019-05-09 23:38:52,666 - INFO - allennlp.training.trainer - word_embeddings.token_embedder_bert.bert_model.encoder.layer.1.intermediate.dense.bias
2019-05-09 23:38:52,666 - INFO - allennlp.training.trainer - word_embeddings.token_embedder_bert.bert_model.encoder.layer.1.output.dense.weight
2019-05-09 23:38:52,666 - INFO - allennlp.training.trainer - word_embeddings.token_embedder_bert.bert_model.encoder.layer.1.output.dense.bias
2019-05-09 23:38:52,666 - INFO - allennlp.training.trainer - word_embeddings.token_embedder_bert.bert_model.encoder.layer.1.output.LayerNorm.weight
2019-05-09 23:38:52,666 - INFO - allennlp.training.trainer - word_embeddings.token_embedder_bert.bert_model.encoder.layer.1.output.LayerNorm.bias
2019-05-09 23:38:52,666 - INFO - allennlp.training.trainer - word_embeddings.token_embedder_bert.bert_model.encoder.layer.2.attention.self.query.weight
2019-05-09 23:38:52,666 - INFO - allennlp.training.trainer - word_embeddings.token_embedder_bert.bert_model.encoder.layer.2.attention.self.query.bias
2019-05-09 23:38:52,666 - INFO - allennlp.training.trainer - word_embeddings.token_embedder_bert.bert_model.encoder.layer.2.attention.self.key.weight
2019-05-09 23:38:52,666 - INFO - allennlp.training.trainer - word_embeddings.token_embedder_bert.bert_model.encoder.layer.2.attention.self.key.bias
2019-05-09 23:38:52,666 - INFO - allennlp.training.trainer - word_embeddings.token_embedder_bert.bert_model.encoder.layer.2.attention.self.value.weight
2019-05-09 23:38:52,666 - INFO - allennlp.training.trainer - word_embeddings.token_embedder_bert.bert_model.encoder.layer.2.attention.self.value.bias
2019-05-09 23:38:52,666 - INFO - allennlp.training.trainer - word_embeddings.token_embedder_bert.bert_model.encoder.layer.2.attention.output.dense.weight
2019-05-09 23:38:52,666 - INFO - allennlp.training.trainer - word_embeddings.token_embedder_bert.bert_model.encoder.layer.2.attention.output.dense.bias
2019-05-09 23:38:52,666 - INFO - allennlp.training.trainer - word_embeddings.token_embedder_bert.bert_model.encoder.layer.2.attention.output.LayerNorm.weight
2019-05-09 23:38:52,666 - INFO - allennlp.training.trainer - word_embeddings.token_embedder_bert.bert_model.encoder.layer.2.attention.output.LayerNorm.bias
2019-05-09 23:38:52,666 - INFO - allennlp.training.trainer - word_embeddings.token_embedder_bert.bert_model.encoder.layer.2.intermediate.dense.weight
2019-05-09 23:38:52,667 - INFO - allennlp.training.trainer - word_embeddings.token_embedder_bert.bert_model.encoder.layer.2.intermediate.dense.bias
2019-05-09 23:38:52,667 - INFO - allennlp.training.trainer - word_embeddings.token_embedder_bert.bert_model.encoder.layer.2.output.dense.weight
2019-05-09 23:38:52,667 - INFO - allennlp.training.trainer - word_embeddings.token_embedder_bert.bert_model.encoder.layer.2.output.dense.bias
2019-05-09 23:38:52,667 - INFO - allennlp.training.trainer - word_embeddings.token_embedder_bert.bert_model.encoder.layer.2.output.LayerNorm.weight
2019-05-09 23:38:52,667 - INFO - allennlp.training.trainer - word_embeddings.token_embedder_bert.bert_model.encoder.layer.2.output.LayerNorm.bias
2019-05-09 23:38:52,667 - INFO - allennlp.training.trainer - word_embeddings.token_embedder_bert.bert_model.encoder.layer.3.attention.self.query.weight
2019-05-09 23:38:52,667 - INFO - allennlp.training.trainer - word_embeddings.token_embedder_bert.bert_model.encoder.layer.3.attention.self.query.bias
2019-05-09 23:38:52,667 - INFO - allennlp.training.trainer - word_embeddings.token_embedder_bert.bert_model.encoder.layer.3.attention.self.key.weight
2019-05-09 23:38:52,667 - INFO - allennlp.training.trainer - word_embeddings.token_embedder_bert.bert_model.encoder.layer.3.attention.self.key.bias
2019-05-09 23:38:52,667 - INFO - allennlp.training.trainer - word_embeddings.token_embedder_bert.bert_model.encoder.layer.3.attention.self.value.weight
2019-05-09 23:38:52,667 - INFO - allennlp.training.trainer - word_embeddings.token_embedder_bert.bert_model.encoder.layer.3.attention.self.value.bias
2019-05-09 23:38:52,667 - INFO - allennlp.training.trainer - word_embeddings.token_embedder_bert.bert_model.encoder.layer.3.attention.output.dense.weight
2019-05-09 23:38:52,667 - INFO - allennlp.training.trainer - word_embeddings.token_embedder_bert.bert_model.encoder.layer.3.attention.output.dense.bias
2019-05-09 23:38:52,667 - INFO - allennlp.training.trainer - word_embeddings.token_embedder_bert.bert_model.encoder.layer.3.attention.output.LayerNorm.weight
2019-05-09 23:38:52,667 - INFO - allennlp.training.trainer - word_embeddings.token_embedder_bert.bert_model.encoder.layer.3.attention.output.LayerNorm.bias
2019-05-09 23:38:52,667 - INFO - allennlp.training.trainer - word_embeddings.token_embedder_bert.bert_model.encoder.layer.3.intermediate.dense.weight
2019-05-09 23:38:52,667 - INFO - allennlp.training.trainer - word_embeddings.token_embedder_bert.bert_model.encoder.layer.3.intermediate.dense.bias
2019-05-09 23:38:52,668 - INFO - allennlp.training.trainer - word_embeddings.token_embedder_bert.bert_model.encoder.layer.3.output.dense.weight
2019-05-09 23:38:52,668 - INFO - allennlp.training.trainer - word_embeddings.token_embedder_bert.bert_model.encoder.layer.3.output.dense.bias
2019-05-09 23:38:52,668 - INFO - allennlp.training.trainer - word_embeddings.token_embedder_bert.bert_model.encoder.layer.3.output.LayerNorm.weight
2019-05-09 23:38:52,668 - INFO - allennlp.training.trainer - word_embeddings.token_embedder_bert.bert_model.encoder.layer.3.output.LayerNorm.bias
2019-05-09 23:38:52,668 - INFO - allennlp.training.trainer - word_embeddings.token_embedder_bert.bert_model.encoder.layer.4.attention.self.query.weight
2019-05-09 23:38:52,668 - INFO - allennlp.training.trainer - word_embeddings.token_embedder_bert.bert_model.encoder.layer.4.attention.self.query.bias
2019-05-09 23:38:52,668 - INFO - allennlp.training.trainer - word_embeddings.token_embedder_bert.bert_model.encoder.layer.4.attention.self.key.weight
2019-05-09 23:38:52,668 - INFO - allennlp.training.trainer - word_embeddings.token_embedder_bert.bert_model.encoder.layer.4.attention.self.key.bias
2019-05-09 23:38:52,668 - INFO - allennlp.training.trainer - word_embeddings.token_embedder_bert.bert_model.encoder.layer.4.attention.self.value.weight
2019-05-09 23:38:52,668 - INFO - allennlp.training.trainer - word_embeddings.token_embedder_bert.bert_model.encoder.layer.4.attention.self.value.bias
2019-05-09 23:38:52,668 - INFO - allennlp.training.trainer - word_embeddings.token_embedder_bert.bert_model.encoder.layer.4.attention.output.dense.weight
2019-05-09 23:38:52,668 - INFO - allennlp.training.trainer - word_embeddings.token_embedder_bert.bert_model.encoder.layer.4.attention.output.dense.bias
2019-05-09 23:38:52,668 - INFO - allennlp.training.trainer - word_embeddings.token_embedder_bert.bert_model.encoder.layer.4.attention.output.LayerNorm.weight
2019-05-09 23:38:52,668 - INFO - allennlp.training.trainer - word_embeddings.token_embedder_bert.bert_model.encoder.layer.4.attention.output.LayerNorm.bias
2019-05-09 23:38:52,668 - INFO - allennlp.training.trainer - word_embeddings.token_embedder_bert.bert_model.encoder.layer.4.intermediate.dense.weight
2019-05-09 23:38:52,668 - INFO - allennlp.training.trainer - word_embeddings.token_embedder_bert.bert_model.encoder.layer.4.intermediate.dense.bias
2019-05-09 23:38:52,668 - INFO - allennlp.training.trainer - word_embeddings.token_embedder_bert.bert_model.encoder.layer.4.output.dense.weight
2019-05-09 23:38:52,668 - INFO - allennlp.training.trainer - word_embeddings.token_embedder_bert.bert_model.encoder.layer.4.output.dense.bias
2019-05-09 23:38:52,668 - INFO - allennlp.training.trainer - word_embeddings.token_embedder_bert.bert_model.encoder.layer.4.output.LayerNorm.weight
2019-05-09 23:38:52,668 - INFO - allennlp.training.trainer - word_embeddings.token_embedder_bert.bert_model.encoder.layer.4.output.LayerNorm.bias
2019-05-09 23:38:52,669 - INFO - allennlp.training.trainer - word_embeddings.token_embedder_bert.bert_model.encoder.layer.5.attention.self.query.weight
2019-05-09 23:38:52,669 - INFO - allennlp.training.trainer - word_embeddings.token_embedder_bert.bert_model.encoder.layer.5.attention.self.query.bias
2019-05-09 23:38:52,669 - INFO - allennlp.training.trainer - word_embeddings.token_embedder_bert.bert_model.encoder.layer.5.attention.self.key.weight
2019-05-09 23:38:52,669 - INFO - allennlp.training.trainer - word_embeddings.token_embedder_bert.bert_model.encoder.layer.5.attention.self.key.bias
2019-05-09 23:38:52,669 - INFO - allennlp.training.trainer - word_embeddings.token_embedder_bert.bert_model.encoder.layer.5.attention.self.value.weight
2019-05-09 23:38:52,669 - INFO - allennlp.training.trainer - word_embeddings.token_embedder_bert.bert_model.encoder.layer.5.attention.self.value.bias
2019-05-09 23:38:52,669 - INFO - allennlp.training.trainer - word_embeddings.token_embedder_bert.bert_model.encoder.layer.5.attention.output.dense.weight
2019-05-09 23:38:52,669 - INFO - allennlp.training.trainer - word_embeddings.token_embedder_bert.bert_model.encoder.layer.5.attention.output.dense.bias
2019-05-09 23:38:52,669 - INFO - allennlp.training.trainer - word_embeddings.token_embedder_bert.bert_model.encoder.layer.5.attention.output.LayerNorm.weight
2019-05-09 23:38:52,669 - INFO - allennlp.training.trainer - word_embeddings.token_embedder_bert.bert_model.encoder.layer.5.attention.output.LayerNorm.bias
2019-05-09 23:38:52,669 - INFO - allennlp.training.trainer - word_embeddings.token_embedder_bert.bert_model.encoder.layer.5.intermediate.dense.weight
2019-05-09 23:38:52,669 - INFO - allennlp.training.trainer - word_embeddings.token_embedder_bert.bert_model.encoder.layer.5.intermediate.dense.bias
2019-05-09 23:38:52,669 - INFO - allennlp.training.trainer - word_embeddings.token_embedder_bert.bert_model.encoder.layer.5.output.dense.weight
2019-05-09 23:38:52,669 - INFO - allennlp.training.trainer - word_embeddings.token_embedder_bert.bert_model.encoder.layer.5.output.dense.bias
2019-05-09 23:38:52,669 - INFO - allennlp.training.trainer - word_embeddings.token_embedder_bert.bert_model.encoder.layer.5.output.LayerNorm.weight
2019-05-09 23:38:52,669 - INFO - allennlp.training.trainer - word_embeddings.token_embedder_bert.bert_model.encoder.layer.5.output.LayerNorm.bias
2019-05-09 23:38:52,669 - INFO - allennlp.training.trainer - word_embeddings.token_embedder_bert.bert_model.encoder.layer.6.attention.self.query.weight
2019-05-09 23:38:52,669 - INFO - allennlp.training.trainer - word_embeddings.token_embedder_bert.bert_model.encoder.layer.6.attention.self.query.bias
2019-05-09 23:38:52,669 - INFO - allennlp.training.trainer - word_embeddings.token_embedder_bert.bert_model.encoder.layer.6.attention.self.key.weight
2019-05-09 23:38:52,669 - INFO - allennlp.training.trainer - word_embeddings.token_embedder_bert.bert_model.encoder.layer.6.attention.self.key.bias
2019-05-09 23:38:52,669 - INFO - allennlp.training.trainer - word_embeddings.token_embedder_bert.bert_model.encoder.layer.6.attention.self.value.weight
2019-05-09 23:38:52,670 - INFO - allennlp.training.trainer - word_embeddings.token_embedder_bert.bert_model.encoder.layer.6.attention.self.value.bias
2019-05-09 23:38:52,670 - INFO - allennlp.training.trainer - word_embeddings.token_embedder_bert.bert_model.encoder.layer.6.attention.output.dense.weight
2019-05-09 23:38:52,670 - INFO - allennlp.training.trainer - word_embeddings.token_embedder_bert.bert_model.encoder.layer.6.attention.output.dense.bias
2019-05-09 23:38:52,670 - INFO - allennlp.training.trainer - word_embeddings.token_embedder_bert.bert_model.encoder.layer.6.attention.output.LayerNorm.weight
2019-05-09 23:38:52,670 - INFO - allennlp.training.trainer - word_embeddings.token_embedder_bert.bert_model.encoder.layer.6.attention.output.LayerNorm.bias
2019-05-09 23:38:52,670 - INFO - allennlp.training.trainer - word_embeddings.token_embedder_bert.bert_model.encoder.layer.6.intermediate.dense.weight
2019-05-09 23:38:52,670 - INFO - allennlp.training.trainer - word_embeddings.token_embedder_bert.bert_model.encoder.layer.6.intermediate.dense.bias
2019-05-09 23:38:52,670 - INFO - allennlp.training.trainer - word_embeddings.token_embedder_bert.bert_model.encoder.layer.6.output.dense.weight
2019-05-09 23:38:52,670 - INFO - allennlp.training.trainer - word_embeddings.token_embedder_bert.bert_model.encoder.layer.6.output.dense.bias
2019-05-09 23:38:52,670 - INFO - allennlp.training.trainer - word_embeddings.token_embedder_bert.bert_model.encoder.layer.6.output.LayerNorm.weight
2019-05-09 23:38:52,670 - INFO - allennlp.training.trainer - word_embeddings.token_embedder_bert.bert_model.encoder.layer.6.output.LayerNorm.bias
2019-05-09 23:38:52,670 - INFO - allennlp.training.trainer - word_embeddings.token_embedder_bert.bert_model.encoder.layer.7.attention.self.query.weight
2019-05-09 23:38:52,670 - INFO - allennlp.training.trainer - word_embeddings.token_embedder_bert.bert_model.encoder.layer.7.attention.self.query.bias
2019-05-09 23:38:52,670 - INFO - allennlp.training.trainer - word_embeddings.token_embedder_bert.bert_model.encoder.layer.7.attention.self.key.weight
2019-05-09 23:38:52,670 - INFO - allennlp.training.trainer - word_embeddings.token_embedder_bert.bert_model.encoder.layer.7.attention.self.key.bias
2019-05-09 23:38:52,670 - INFO - allennlp.training.trainer - word_embeddings.token_embedder_bert.bert_model.encoder.layer.7.attention.self.value.weight
2019-05-09 23:38:52,670 - INFO - allennlp.training.trainer - word_embeddings.token_embedder_bert.bert_model.encoder.layer.7.attention.self.value.bias
2019-05-09 23:38:52,670 - INFO - allennlp.training.trainer - word_embeddings.token_embedder_bert.bert_model.encoder.layer.7.attention.output.dense.weight
2019-05-09 23:38:52,670 - INFO - allennlp.training.trainer - word_embeddings.token_embedder_bert.bert_model.encoder.layer.7.attention.output.dense.bias
2019-05-09 23:38:52,670 - INFO - allennlp.training.trainer - word_embeddings.token_embedder_bert.bert_model.encoder.layer.7.attention.output.LayerNorm.weight
2019-05-09 23:38:52,670 - INFO - allennlp.training.trainer - word_embeddings.token_embedder_bert.bert_model.encoder.layer.7.attention.output.LayerNorm.bias
2019-05-09 23:38:52,671 - INFO - allennlp.training.trainer - word_embeddings.token_embedder_bert.bert_model.encoder.layer.7.intermediate.dense.weight
2019-05-09 23:38:52,671 - INFO - allennlp.training.trainer - word_embeddings.token_embedder_bert.bert_model.encoder.layer.7.intermediate.dense.bias
2019-05-09 23:38:52,671 - INFO - allennlp.training.trainer - word_embeddings.token_embedder_bert.bert_model.encoder.layer.7.output.dense.weight
2019-05-09 23:38:52,671 - INFO - allennlp.training.trainer - word_embeddings.token_embedder_bert.bert_model.encoder.layer.7.output.dense.bias
2019-05-09 23:38:52,671 - INFO - allennlp.training.trainer - word_embeddings.token_embedder_bert.bert_model.encoder.layer.7.output.LayerNorm.weight
2019-05-09 23:38:52,671 - INFO - allennlp.training.trainer - word_embeddings.token_embedder_bert.bert_model.encoder.layer.7.output.LayerNorm.bias
2019-05-09 23:38:52,671 - INFO - allennlp.training.trainer - word_embeddings.token_embedder_bert.bert_model.encoder.layer.8.attention.self.query.weight
2019-05-09 23:38:52,671 - INFO - allennlp.training.trainer - word_embeddings.token_embedder_bert.bert_model.encoder.layer.8.attention.self.query.bias
2019-05-09 23:38:52,671 - INFO - allennlp.training.trainer - word_embeddings.token_embedder_bert.bert_model.encoder.layer.8.attention.self.key.weight
2019-05-09 23:38:52,671 - INFO - allennlp.training.trainer - word_embeddings.token_embedder_bert.bert_model.encoder.layer.8.attention.self.key.bias
2019-05-09 23:38:52,671 - INFO - allennlp.training.trainer - word_embeddings.token_embedder_bert.bert_model.encoder.layer.8.attention.self.value.weight
2019-05-09 23:38:52,671 - INFO - allennlp.training.trainer - word_embeddings.token_embedder_bert.bert_model.encoder.layer.8.attention.self.value.bias
2019-05-09 23:38:52,671 - INFO - allennlp.training.trainer - word_embeddings.token_embedder_bert.bert_model.encoder.layer.8.attention.output.dense.weight
2019-05-09 23:38:52,671 - INFO - allennlp.training.trainer - word_embeddings.token_embedder_bert.bert_model.encoder.layer.8.attention.output.dense.bias
2019-05-09 23:38:52,671 - INFO - allennlp.training.trainer - word_embeddings.token_embedder_bert.bert_model.encoder.layer.8.attention.output.LayerNorm.weight
2019-05-09 23:38:52,671 - INFO - allennlp.training.trainer - word_embeddings.token_embedder_bert.bert_model.encoder.layer.8.attention.output.LayerNorm.bias
2019-05-09 23:38:52,671 - INFO - allennlp.training.trainer - word_embeddings.token_embedder_bert.bert_model.encoder.layer.8.intermediate.dense.weight
2019-05-09 23:38:52,671 - INFO - allennlp.training.trainer - word_embeddings.token_embedder_bert.bert_model.encoder.layer.8.intermediate.dense.bias
2019-05-09 23:38:52,671 - INFO - allennlp.training.trainer - word_embeddings.token_embedder_bert.bert_model.encoder.layer.8.output.dense.weight
2019-05-09 23:38:52,671 - INFO - allennlp.training.trainer - word_embeddings.token_embedder_bert.bert_model.encoder.layer.8.output.dense.bias
2019-05-09 23:38:52,671 - INFO - allennlp.training.trainer - word_embeddings.token_embedder_bert.bert_model.encoder.layer.8.output.LayerNorm.weight
2019-05-09 23:38:52,672 - INFO - allennlp.training.trainer - word_embeddings.token_embedder_bert.bert_model.encoder.layer.8.output.LayerNorm.bias
2019-05-09 23:38:52,672 - INFO - allennlp.training.trainer - word_embeddings.token_embedder_bert.bert_model.encoder.layer.9.attention.self.query.weight
2019-05-09 23:38:52,672 - INFO - allennlp.training.trainer - word_embeddings.token_embedder_bert.bert_model.encoder.layer.9.attention.self.query.bias
2019-05-09 23:38:52,672 - INFO - allennlp.training.trainer - word_embeddings.token_embedder_bert.bert_model.encoder.layer.9.attention.self.key.weight
2019-05-09 23:38:52,672 - INFO - allennlp.training.trainer - word_embeddings.token_embedder_bert.bert_model.encoder.layer.9.attention.self.key.bias
2019-05-09 23:38:52,672 - INFO - allennlp.training.trainer - word_embeddings.token_embedder_bert.bert_model.encoder.layer.9.attention.self.value.weight
2019-05-09 23:38:52,672 - INFO - allennlp.training.trainer - word_embeddings.token_embedder_bert.bert_model.encoder.layer.9.attention.self.value.bias
2019-05-09 23:38:52,672 - INFO - allennlp.training.trainer - word_embeddings.token_embedder_bert.bert_model.encoder.layer.9.attention.output.dense.weight
2019-05-09 23:38:52,672 - INFO - allennlp.training.trainer - word_embeddings.token_embedder_bert.bert_model.encoder.layer.9.attention.output.dense.bias
2019-05-09 23:38:52,672 - INFO - allennlp.training.trainer - word_embeddings.token_embedder_bert.bert_model.encoder.layer.9.attention.output.LayerNorm.weight
2019-05-09 23:38:52,672 - INFO - allennlp.training.trainer - word_embeddings.token_embedder_bert.bert_model.encoder.layer.9.attention.output.LayerNorm.bias
2019-05-09 23:38:52,672 - INFO - allennlp.training.trainer - word_embeddings.token_embedder_bert.bert_model.encoder.layer.9.intermediate.dense.weight
2019-05-09 23:38:52,672 - INFO - allennlp.training.trainer - word_embeddings.token_embedder_bert.bert_model.encoder.layer.9.intermediate.dense.bias
2019-05-09 23:38:52,672 - INFO - allennlp.training.trainer - word_embeddings.token_embedder_bert.bert_model.encoder.layer.9.output.dense.weight
2019-05-09 23:38:52,672 - INFO - allennlp.training.trainer - word_embeddings.token_embedder_bert.bert_model.encoder.layer.9.output.dense.bias
2019-05-09 23:38:52,672 - INFO - allennlp.training.trainer - word_embeddings.token_embedder_bert.bert_model.encoder.layer.9.output.LayerNorm.weight
2019-05-09 23:38:52,672 - INFO - allennlp.training.trainer - word_embeddings.token_embedder_bert.bert_model.encoder.layer.9.output.LayerNorm.bias
2019-05-09 23:38:52,672 - INFO - allennlp.training.trainer - word_embeddings.token_embedder_bert.bert_model.encoder.layer.10.attention.self.query.weight
2019-05-09 23:38:52,672 - INFO - allennlp.training.trainer - word_embeddings.token_embedder_bert.bert_model.encoder.layer.10.attention.self.query.bias
2019-05-09 23:38:52,672 - INFO - allennlp.training.trainer - word_embeddings.token_embedder_bert.bert_model.encoder.layer.10.attention.self.key.weight
2019-05-09 23:38:52,672 - INFO - allennlp.training.trainer - word_embeddings.token_embedder_bert.bert_model.encoder.layer.10.attention.self.key.bias
2019-05-09 23:38:52,672 - INFO - allennlp.training.trainer - word_embeddings.token_embedder_bert.bert_model.encoder.layer.10.attention.self.value.weight
2019-05-09 23:38:52,673 - INFO - allennlp.training.trainer - word_embeddings.token_embedder_bert.bert_model.encoder.layer.10.attention.self.value.bias
2019-05-09 23:38:52,673 - INFO - allennlp.training.trainer - word_embeddings.token_embedder_bert.bert_model.encoder.layer.10.attention.output.dense.weight
2019-05-09 23:38:52,673 - INFO - allennlp.training.trainer - word_embeddings.token_embedder_bert.bert_model.encoder.layer.10.attention.output.dense.bias
2019-05-09 23:38:52,673 - INFO - allennlp.training.trainer - word_embeddings.token_embedder_bert.bert_model.encoder.layer.10.attention.output.LayerNorm.weight
2019-05-09 23:38:52,673 - INFO - allennlp.training.trainer - word_embeddings.token_embedder_bert.bert_model.encoder.layer.10.attention.output.LayerNorm.bias
2019-05-09 23:38:52,673 - INFO - allennlp.training.trainer - word_embeddings.token_embedder_bert.bert_model.encoder.layer.10.intermediate.dense.weight
2019-05-09 23:38:52,673 - INFO - allennlp.training.trainer - word_embeddings.token_embedder_bert.bert_model.encoder.layer.10.intermediate.dense.bias
2019-05-09 23:38:52,673 - INFO - allennlp.training.trainer - word_embeddings.token_embedder_bert.bert_model.encoder.layer.10.output.dense.weight
2019-05-09 23:38:52,673 - INFO - allennlp.training.trainer - word_embeddings.token_embedder_bert.bert_model.encoder.layer.10.output.dense.bias
2019-05-09 23:38:52,673 - INFO - allennlp.training.trainer - word_embeddings.token_embedder_bert.bert_model.encoder.layer.10.output.LayerNorm.weight
2019-05-09 23:38:52,673 - INFO - allennlp.training.trainer - word_embeddings.token_embedder_bert.bert_model.encoder.layer.10.output.LayerNorm.bias
2019-05-09 23:38:52,673 - INFO - allennlp.training.trainer - word_embeddings.token_embedder_bert.bert_model.encoder.layer.11.attention.self.query.weight
2019-05-09 23:38:52,673 - INFO - allennlp.training.trainer - word_embeddings.token_embedder_bert.bert_model.encoder.layer.11.attention.self.query.bias
2019-05-09 23:38:52,673 - INFO - allennlp.training.trainer - word_embeddings.token_embedder_bert.bert_model.encoder.layer.11.attention.self.key.weight
2019-05-09 23:38:52,673 - INFO - allennlp.training.trainer - word_embeddings.token_embedder_bert.bert_model.encoder.layer.11.attention.self.key.bias
2019-05-09 23:38:52,673 - INFO - allennlp.training.trainer - word_embeddings.token_embedder_bert.bert_model.encoder.layer.11.attention.self.value.weight
2019-05-09 23:38:52,673 - INFO - allennlp.training.trainer - word_embeddings.token_embedder_bert.bert_model.encoder.layer.11.attention.self.value.bias
2019-05-09 23:38:52,673 - INFO - allennlp.training.trainer - word_embeddings.token_embedder_bert.bert_model.encoder.layer.11.attention.output.dense.weight
2019-05-09 23:38:52,673 - INFO - allennlp.training.trainer - word_embeddings.token_embedder_bert.bert_model.encoder.layer.11.attention.output.dense.bias
2019-05-09 23:38:52,673 - INFO - allennlp.training.trainer - word_embeddings.token_embedder_bert.bert_model.encoder.layer.11.attention.output.LayerNorm.weight
2019-05-09 23:38:52,673 - INFO - allennlp.training.trainer - word_embeddings.token_embedder_bert.bert_model.encoder.layer.11.attention.output.LayerNorm.bias
2019-05-09 23:38:52,673 - INFO - allennlp.training.trainer - word_embeddings.token_embedder_bert.bert_model.encoder.layer.11.intermediate.dense.weight
2019-05-09 23:38:52,674 - INFO - allennlp.training.trainer - word_embeddings.token_embedder_bert.bert_model.encoder.layer.11.intermediate.dense.bias
2019-05-09 23:38:52,674 - INFO - allennlp.training.trainer - word_embeddings.token_embedder_bert.bert_model.encoder.layer.11.output.dense.weight
2019-05-09 23:38:52,674 - INFO - allennlp.training.trainer - word_embeddings.token_embedder_bert.bert_model.encoder.layer.11.output.dense.bias
2019-05-09 23:38:52,674 - INFO - allennlp.training.trainer - word_embeddings.token_embedder_bert.bert_model.encoder.layer.11.output.LayerNorm.weight
2019-05-09 23:38:52,674 - INFO - allennlp.training.trainer - word_embeddings.token_embedder_bert.bert_model.encoder.layer.11.output.LayerNorm.bias
2019-05-09 23:38:52,674 - INFO - allennlp.training.trainer - word_embeddings.token_embedder_bert.bert_model.pooler.dense.weight
2019-05-09 23:38:52,674 - INFO - allennlp.training.trainer - word_embeddings.token_embedder_bert.bert_model.pooler.dense.bias
2019-05-09 23:38:52,674 - INFO - allennlp.training.trainer - Following parameters are Tunable (with gradient):
2019-05-09 23:38:52,674 - INFO - allennlp.training.trainer - word_embeddings.token_embedder_bert._scalar_mix.gamma
2019-05-09 23:38:52,674 - INFO - allennlp.training.trainer - word_embeddings.token_embedder_bert._scalar_mix.scalar_parameters.0
2019-05-09 23:38:52,674 - INFO - allennlp.training.trainer - word_embeddings.token_embedder_bert._scalar_mix.scalar_parameters.1
2019-05-09 23:38:52,674 - INFO - allennlp.training.trainer - word_embeddings.token_embedder_bert._scalar_mix.scalar_parameters.2
2019-05-09 23:38:52,674 - INFO - allennlp.training.trainer - word_embeddings.token_embedder_bert._scalar_mix.scalar_parameters.3
2019-05-09 23:38:52,674 - INFO - allennlp.training.trainer - word_embeddings.token_embedder_bert._scalar_mix.scalar_parameters.4
2019-05-09 23:38:52,674 - INFO - allennlp.training.trainer - word_embeddings.token_embedder_bert._scalar_mix.scalar_parameters.5
2019-05-09 23:38:52,674 - INFO - allennlp.training.trainer - word_embeddings.token_embedder_bert._scalar_mix.scalar_parameters.6
2019-05-09 23:38:52,674 - INFO - allennlp.training.trainer - word_embeddings.token_embedder_bert._scalar_mix.scalar_parameters.7
2019-05-09 23:38:52,674 - INFO - allennlp.training.trainer - word_embeddings.token_embedder_bert._scalar_mix.scalar_parameters.8
2019-05-09 23:38:52,674 - INFO - allennlp.training.trainer - word_embeddings.token_embedder_bert._scalar_mix.scalar_parameters.9
2019-05-09 23:38:52,674 - INFO - allennlp.training.trainer - word_embeddings.token_embedder_bert._scalar_mix.scalar_parameters.10
2019-05-09 23:38:52,674 - INFO - allennlp.training.trainer - word_embeddings.token_embedder_bert._scalar_mix.scalar_parameters.11
2019-05-09 23:38:52,674 - INFO - allennlp.training.trainer - encoder._module.weight_ih_l0
2019-05-09 23:38:52,675 - INFO - allennlp.training.trainer - encoder._module.weight_hh_l0
2019-05-09 23:38:52,675 - INFO - allennlp.training.trainer - encoder._module.bias_ih_l0
2019-05-09 23:38:52,675 - INFO - allennlp.training.trainer - encoder._module.bias_hh_l0
2019-05-09 23:38:52,675 - INFO - allennlp.training.trainer - encoder._module.weight_ih_l0_reverse
2019-05-09 23:38:52,675 - INFO - allennlp.training.trainer - encoder._module.weight_hh_l0_reverse
2019-05-09 23:38:52,675 - INFO - allennlp.training.trainer - encoder._module.bias_ih_l0_reverse
2019-05-09 23:38:52,675 - INFO - allennlp.training.trainer - encoder._module.bias_hh_l0_reverse
2019-05-09 23:38:52,675 - INFO - allennlp.training.trainer - encoder._module.weight_ih_l1
2019-05-09 23:38:52,675 - INFO - allennlp.training.trainer - encoder._module.weight_hh_l1
2019-05-09 23:38:52,675 - INFO - allennlp.training.trainer - encoder._module.bias_ih_l1
2019-05-09 23:38:52,675 - INFO - allennlp.training.trainer - encoder._module.bias_hh_l1
2019-05-09 23:38:52,675 - INFO - allennlp.training.trainer - encoder._module.weight_ih_l1_reverse
2019-05-09 23:38:52,675 - INFO - allennlp.training.trainer - encoder._module.weight_hh_l1_reverse
2019-05-09 23:38:52,676 - INFO - allennlp.training.trainer - encoder._module.bias_ih_l1_reverse
2019-05-09 23:38:52,676 - INFO - allennlp.training.trainer - encoder._module.bias_hh_l1_reverse
2019-05-09 23:38:52,676 - INFO - allennlp.training.trainer - linear.weight
2019-05-09 23:38:52,676 - INFO - allennlp.training.trainer - linear.bias
2019-05-09 23:38:52,676 - INFO - allennlp.common.params - trainer.patience = 5
2019-05-09 23:38:52,676 - INFO - allennlp.common.params - trainer.validation_metric = +accuracy
2019-05-09 23:38:52,676 - INFO - allennlp.common.params - trainer.shuffle = True
2019-05-09 23:38:52,676 - INFO - allennlp.common.params - trainer.num_epochs = 20
2019-05-09 23:38:52,676 - INFO - allennlp.common.params - trainer.cuda_device = -1
2019-05-09 23:38:52,676 - INFO - allennlp.common.params - trainer.grad_norm = None
2019-05-09 23:38:52,676 - INFO - allennlp.common.params - trainer.grad_clipping = None
2019-05-09 23:38:52,676 - INFO - allennlp.common.params - trainer.learning_rate_scheduler = None
2019-05-09 23:38:52,677 - INFO - allennlp.common.params - trainer.momentum_scheduler = None
2019-05-09 23:38:52,679 - INFO - allennlp.common.params - trainer.optimizer = adam
2019-05-09 23:38:52,680 - INFO - allennlp.common.params - parameter_groups = None
2019-05-09 23:38:52,680 - INFO - allennlp.training.optimizers - Number of trainable parameters: 395410
2019-05-09 23:38:52,683 - INFO - allennlp.common.params - infer_type_and_cast = True
2019-05-09 23:38:52,683 - INFO - allennlp.common.params - Converting Params object to dict; logging of default values will not occur when dictionary parameters are used subsequently.
2019-05-09 23:38:52,683 - INFO - allennlp.common.params - CURRENTLY DEFINED PARAMETERS: 
2019-05-09 23:38:52,683 - INFO - allennlp.common.params - trainer.num_serialized_models_to_keep = 20
2019-05-09 23:38:52,683 - INFO - allennlp.common.params - trainer.keep_serialized_model_every_num_seconds = None
2019-05-09 23:38:52,683 - INFO - allennlp.common.params - trainer.model_save_interval = None
2019-05-09 23:38:52,683 - INFO - allennlp.common.params - trainer.summary_interval = 100
2019-05-09 23:38:52,683 - INFO - allennlp.common.params - trainer.histogram_interval = None
2019-05-09 23:38:52,683 - INFO - allennlp.common.params - trainer.should_log_parameter_statistics = True
2019-05-09 23:38:52,683 - INFO - allennlp.common.params - trainer.should_log_learning_rate = False
2019-05-09 23:38:52,683 - INFO - allennlp.common.params - trainer.log_batch_size_period = None
2019-05-09 23:38:52,731 - INFO - root - Failed to import cuda module: No module named 'caffe2.python.caffe2_pybind11_state_gpu'
2019-05-09 23:38:52,732 - INFO - root - Failed to import AMD hip module: No module named 'caffe2.python.caffe2_pybind11_state_hip'
2019-05-09 23:38:52,732 - WARNING - root - This caffe2 python run does not have GPU support. Will run in CPU only mode.
2019-05-09 23:38:52,732 - CRITICAL - root - Cannot load caffe2.python. Error: /home/kirill/anaconda3/lib/python3.6/site-packages/caffe2/python/caffe2_pybind11_state.cpython-36m-x86_64-linux-gnu.so: undefined symbol: _ZTIN6caffe27NetBaseE
2019-05-09 23:38:52,734 - INFO - root - Failed to import cuda module: No module named 'caffe2.python.caffe2_pybind11_state_gpu'
2019-05-09 23:38:52,734 - INFO - root - Failed to import AMD hip module: No module named 'caffe2.python.caffe2_pybind11_state_hip'
2019-05-09 23:38:52,734 - WARNING - root - This caffe2 python run does not have GPU support. Will run in CPU only mode.
2019-05-09 23:38:52,734 - CRITICAL - root - Cannot load caffe2.python. Error: /home/kirill/anaconda3/lib/python3.6/site-packages/caffe2/python/caffe2_pybind11_state.cpython-36m-x86_64-linux-gnu.so: undefined symbol: _ZTIN6caffe27NetBaseE
2019-05-09 23:38:52,735 - INFO - allennlp.training.trainer - Beginning training.
2019-05-09 23:38:52,735 - INFO - allennlp.training.trainer - Epoch 0/19
2019-05-09 23:38:52,735 - INFO - allennlp.training.trainer - Peak CPU memory usage MB: 1153.988
2019-05-09 23:38:52,754 - INFO - allennlp.training.trainer - Training
2019-05-09 23:44:14,878 - INFO - allennlp.training.trainer - Validating
2019-05-09 23:44:51,470 - INFO - allennlp.training.tensorboard_writer -                   Training |  Validation
2019-05-09 23:44:51,470 - INFO - allennlp.training.tensorboard_writer - cpu_memory_MB |  1153.988  |       N/A
2019-05-09 23:44:51,471 - INFO - allennlp.training.tensorboard_writer - recall        |     0.071  |     0.086
2019-05-09 23:44:51,471 - INFO - allennlp.training.tensorboard_writer - f1_measure    |     0.120  |     0.150
2019-05-09 23:44:51,472 - INFO - allennlp.training.tensorboard_writer - accuracy      |     0.390  |     0.451
2019-05-09 23:44:51,472 - INFO - allennlp.training.tensorboard_writer - precision     |     0.412  |     0.571
2019-05-09 23:44:51,472 - INFO - allennlp.training.tensorboard_writer - loss          |     1.382  |     1.268
2019-05-09 23:44:51,745 - INFO - allennlp.training.checkpointer - Best validation performance so far. Copying weights to './out_bert//best.th'.
2019-05-09 23:44:52,064 - INFO - allennlp.training.trainer - Epoch duration: 00:05:59
2019-05-09 23:44:52,064 - INFO - allennlp.training.trainer - Estimated training time remaining: 1:53:47
2019-05-09 23:44:52,064 - INFO - allennlp.training.trainer - Epoch 1/19
2019-05-09 23:44:52,064 - INFO - allennlp.training.trainer - Peak CPU memory usage MB: 1333.748
2019-05-09 23:44:52,092 - INFO - allennlp.training.trainer - Training
2019-05-09 23:50:14,042 - INFO - allennlp.training.trainer - Validating
2019-05-09 23:50:50,506 - INFO - allennlp.training.tensorboard_writer -                   Training |  Validation
2019-05-09 23:50:50,506 - INFO - allennlp.training.tensorboard_writer - cpu_memory_MB |  1333.748  |       N/A
2019-05-09 23:50:50,506 - INFO - allennlp.training.tensorboard_writer - recall        |     0.268  |     0.266
2019-05-09 23:50:50,507 - INFO - allennlp.training.tensorboard_writer - f1_measure    |     0.348  |     0.357
2019-05-09 23:50:50,507 - INFO - allennlp.training.tensorboard_writer - accuracy      |     0.472  |     0.471
2019-05-09 23:50:50,508 - INFO - allennlp.training.tensorboard_writer - precision     |     0.493  |     0.544
2019-05-09 23:50:50,508 - INFO - allennlp.training.tensorboard_writer - loss          |     1.197  |     1.222
2019-05-09 23:50:50,790 - INFO - allennlp.training.checkpointer - Best validation performance so far. Copying weights to './out_bert//best.th'.
2019-05-09 23:50:51,813 - INFO - allennlp.training.trainer - Epoch duration: 00:05:59
2019-05-09 23:50:51,813 - INFO - allennlp.training.trainer - Estimated training time remaining: 1:47:51
2019-05-09 23:50:51,813 - INFO - allennlp.training.trainer - Epoch 2/19
2019-05-09 23:50:51,813 - INFO - allennlp.training.trainer - Peak CPU memory usage MB: 1333.748
2019-05-09 23:50:51,859 - INFO - allennlp.training.trainer - Training
2019-05-09 23:56:12,556 - INFO - allennlp.training.trainer - Validating
2019-05-09 23:56:49,546 - INFO - allennlp.training.tensorboard_writer -                   Training |  Validation
2019-05-09 23:56:49,546 - INFO - allennlp.training.tensorboard_writer - cpu_memory_MB |  1333.748  |       N/A
2019-05-09 23:56:49,547 - INFO - allennlp.training.tensorboard_writer - recall        |     0.386  |     0.496
2019-05-09 23:56:49,547 - INFO - allennlp.training.tensorboard_writer - f1_measure    |     0.450  |     0.488
2019-05-09 23:56:49,547 - INFO - allennlp.training.tensorboard_writer - accuracy      |     0.533  |     0.470
2019-05-09 23:56:49,548 - INFO - allennlp.training.tensorboard_writer - precision     |     0.538  |     0.479
2019-05-09 23:56:49,548 - INFO - allennlp.training.tensorboard_writer - loss          |     1.093  |     1.275
2019-05-09 23:56:49,833 - INFO - allennlp.training.trainer - Epoch duration: 00:05:58
2019-05-09 23:56:49,833 - INFO - allennlp.training.trainer - Estimated training time remaining: 1:41:43
2019-05-09 23:56:49,833 - INFO - allennlp.training.trainer - Epoch 3/19
2019-05-09 23:56:49,833 - INFO - allennlp.training.trainer - Peak CPU memory usage MB: 1333.748
2019-05-09 23:56:49,863 - INFO - allennlp.training.trainer - Training
2019-05-10 00:02:11,923 - INFO - allennlp.training.trainer - Validating
2019-05-10 00:02:48,462 - INFO - allennlp.training.tensorboard_writer -                   Training |  Validation
2019-05-10 00:02:48,462 - INFO - allennlp.training.tensorboard_writer - cpu_memory_MB |  1333.748  |       N/A
2019-05-10 00:02:48,462 - INFO - allennlp.training.tensorboard_writer - recall        |     0.495  |     0.338
2019-05-10 00:02:48,463 - INFO - allennlp.training.tensorboard_writer - f1_measure    |     0.547  |     0.416
2019-05-10 00:02:48,463 - INFO - allennlp.training.tensorboard_writer - accuracy      |     0.596  |     0.473
2019-05-10 00:02:48,464 - INFO - allennlp.training.tensorboard_writer - precision     |     0.611  |     0.540
2019-05-10 00:02:48,464 - INFO - allennlp.training.tensorboard_writer - loss          |     0.968  |     1.339
2019-05-10 00:02:48,740 - INFO - allennlp.training.checkpointer - Best validation performance so far. Copying weights to './out_bert//best.th'.
2019-05-10 00:02:49,420 - INFO - allennlp.training.trainer - Epoch duration: 00:05:59
2019-05-10 00:02:49,420 - INFO - allennlp.training.trainer - Estimated training time remaining: 1:35:46
2019-05-10 00:02:49,421 - INFO - allennlp.training.trainer - Epoch 4/19
2019-05-10 00:02:49,421 - INFO - allennlp.training.trainer - Peak CPU memory usage MB: 1359.096
2019-05-10 00:02:49,471 - INFO - allennlp.training.trainer - Training
2019-05-10 00:08:11,105 - INFO - allennlp.training.trainer - Validating
2019-05-10 00:08:47,501 - INFO - allennlp.training.tensorboard_writer -                   Training |  Validation
2019-05-10 00:08:47,501 - INFO - allennlp.training.tensorboard_writer - cpu_memory_MB |  1359.096  |       N/A
2019-05-10 00:08:47,502 - INFO - allennlp.training.tensorboard_writer - recall        |     0.619  |     0.410
2019-05-10 00:08:47,502 - INFO - allennlp.training.tensorboard_writer - f1_measure    |     0.652  |     0.456
2019-05-10 00:08:47,502 - INFO - allennlp.training.tensorboard_writer - accuracy      |     0.662  |     0.450
2019-05-10 00:08:47,503 - INFO - allennlp.training.tensorboard_writer - precision     |     0.688  |     0.514
2019-05-10 00:08:47,503 - INFO - allennlp.training.tensorboard_writer - loss          |     0.820  |     1.487
2019-05-10 00:08:47,782 - INFO - allennlp.training.trainer - Epoch duration: 00:05:58
2019-05-10 00:08:47,783 - INFO - allennlp.training.trainer - Estimated training time remaining: 1:29:45
2019-05-10 00:08:47,783 - INFO - allennlp.training.trainer - Epoch 5/19
2019-05-10 00:08:47,783 - INFO - allennlp.training.trainer - Peak CPU memory usage MB: 1359.096
2019-05-10 00:08:47,809 - INFO - allennlp.training.trainer - Training
2019-05-10 00:14:11,615 - INFO - allennlp.training.trainer - Validating
2019-05-10 00:14:47,983 - INFO - allennlp.training.tensorboard_writer -                   Training |  Validation
2019-05-10 00:14:47,983 - INFO - allennlp.training.tensorboard_writer - cpu_memory_MB |  1359.096  |       N/A
2019-05-10 00:14:47,984 - INFO - allennlp.training.tensorboard_writer - recall        |     0.726  |     0.468
2019-05-10 00:14:47,984 - INFO - allennlp.training.tensorboard_writer - f1_measure    |     0.754  |     0.429
2019-05-10 00:14:47,984 - INFO - allennlp.training.tensorboard_writer - accuracy      |     0.730  |     0.417
2019-05-10 00:14:47,985 - INFO - allennlp.training.tensorboard_writer - precision     |     0.784  |     0.396
2019-05-10 00:14:47,985 - INFO - allennlp.training.tensorboard_writer - loss          |     0.675  |     1.632
2019-05-10 00:14:48,276 - INFO - allennlp.training.trainer - Epoch duration: 00:06:00
2019-05-10 00:14:48,276 - INFO - allennlp.training.trainer - Estimated training time remaining: 1:23:49
2019-05-10 00:14:48,276 - INFO - allennlp.training.trainer - Epoch 6/19
2019-05-10 00:14:48,276 - INFO - allennlp.training.trainer - Peak CPU memory usage MB: 1359.096
2019-05-10 00:14:48,303 - INFO - allennlp.training.trainer - Training
2019-05-10 00:20:11,404 - INFO - allennlp.training.trainer - Validating
2019-05-10 00:20:47,788 - INFO - allennlp.training.tensorboard_writer -                   Training |  Validation
2019-05-10 00:20:47,788 - INFO - allennlp.training.tensorboard_writer - cpu_memory_MB |  1359.096  |       N/A
2019-05-10 00:20:47,788 - INFO - allennlp.training.tensorboard_writer - recall        |     0.791  |     0.374
2019-05-10 00:20:47,789 - INFO - allennlp.training.tensorboard_writer - f1_measure    |     0.810  |     0.378
2019-05-10 00:20:47,789 - INFO - allennlp.training.tensorboard_writer - accuracy      |     0.791  |     0.436
2019-05-10 00:20:47,790 - INFO - allennlp.training.tensorboard_writer - precision     |     0.830  |     0.382
2019-05-10 00:20:47,790 - INFO - allennlp.training.tensorboard_writer - loss          |     0.541  |     1.877
2019-05-10 00:20:48,063 - INFO - allennlp.training.trainer - Epoch duration: 00:05:59
2019-05-10 00:20:48,063 - INFO - allennlp.training.trainer - Estimated training time remaining: 1:17:51
2019-05-10 00:20:48,063 - INFO - allennlp.training.trainer - Epoch 7/19
2019-05-10 00:20:48,063 - INFO - allennlp.training.trainer - Peak CPU memory usage MB: 1359.096
2019-05-10 00:20:48,092 - INFO - allennlp.training.trainer - Training
2019-05-10 00:26:12,920 - INFO - allennlp.training.trainer - Validating
2019-05-10 00:26:50,242 - INFO - allennlp.training.tensorboard_writer -                   Training |  Validation
2019-05-10 00:26:50,242 - INFO - allennlp.training.tensorboard_writer - cpu_memory_MB |  1359.096  |       N/A
2019-05-10 00:26:50,243 - INFO - allennlp.training.tensorboard_writer - recall        |     0.813  |     0.403
2019-05-10 00:26:50,243 - INFO - allennlp.training.tensorboard_writer - f1_measure    |     0.834  |     0.400
2019-05-10 00:26:50,244 - INFO - allennlp.training.tensorboard_writer - accuracy      |     0.832  |     0.397
2019-05-10 00:26:50,244 - INFO - allennlp.training.tensorboard_writer - precision     |     0.856  |     0.397
2019-05-10 00:26:50,244 - INFO - allennlp.training.tensorboard_writer - loss          |     0.445  |     2.395
2019-05-10 00:26:50,530 - INFO - allennlp.training.trainer - Epoch duration: 00:06:02
2019-05-10 00:26:50,530 - INFO - allennlp.training.trainer - Estimated training time remaining: 1:11:56
2019-05-10 00:26:50,530 - INFO - allennlp.training.trainer - Epoch 8/19
2019-05-10 00:26:50,530 - INFO - allennlp.training.trainer - Peak CPU memory usage MB: 1359.096
2019-05-10 00:26:50,559 - INFO - allennlp.training.trainer - Training
2019-05-10 00:32:37,290 - INFO - allennlp.training.trainer - Validating
2019-05-10 00:33:13,749 - INFO - allennlp.training.trainer - Ran out of patience.  Stopping training.
2019-05-10 00:33:13,749 - INFO - allennlp.training.checkpointer - loading best weights
